<?xml version="1.0" encoding="UTF-8"?>
<!-- Generated by org.testng.reporters.JUnitReportReporter -->
<testsuite hostname="DESKTOP-RGJMVDJ" failures="0" tests="1" name="pageFactoryWithoutAnnotations.loginWithoutFindBy" time="14.584" errors="0" timestamp="08 Oct 2023 14:06:10 GMT" skipped="0">
  <testcase classname="pageFactoryWithoutAnnotations.loginWithoutFindBy" name="login" time="14.584"/>
</testsuite> <!-- pageFactoryWithoutAnnotations.loginWithoutFindBy -->
