<?xml version="1.0" encoding="UTF-8"?>
<!-- Generated by org.testng.reporters.JUnitReportReporter -->
<testsuite hostname="DESKTOP-RGJMVDJ" failures="0" tests="1" name="testCase.LoginTestCase" time="12.122" errors="0" timestamp="21 Oct 2023 01:43:15 GMT" skipped="0">
  <testcase classname="testCase.LoginTestCase" name="logintestcase" time="12.122"/>
</testsuite> <!-- testCase.LoginTestCase -->
